<?xml version="1.0" encoding="UTF-8"?>
<coverage generated="1516094826406" clover="3.2.0">
  <project timestamp="1516094826406" name="All files">
    <metrics statements="159" coveredstatements="90" conditionals="69" coveredconditionals="15" methods="61" coveredmethods="29" elements="289" coveredelements="134" complexity="0" loc="159" ncloc="159" packages="9" files="16" classes="16">
      <package name="src">
        <metrics statements="7" coveredstatements="7" conditionals="2" coveredconditionals="2" methods="5" coveredmethods="3"/>
        <file name="environment.js" path="/Users/kierandenshi/Working/redux-starter/src/environment.js">
          <metrics statements="3" coveredstatements="3" conditionals="2" coveredconditionals="2" methods="2" coveredmethods="0"/>
          <line num="3" count="2" type="stmt"/>
          <line num="4" count="2" type="stmt"/>
          <line num="5" count="2" type="cond" truecount="2" falsecount="0"/>
        </file>
        <file name="localisation.js" path="/Users/kierandenshi/Working/redux-starter/src/localisation.js">
          <metrics statements="4" coveredstatements="4" conditionals="0" coveredconditionals="0" methods="3" coveredmethods="3"/>
          <line num="1" count="3" type="stmt"/>
          <line num="13" count="5" type="stmt"/>
          <line num="14" count="3" type="stmt"/>
          <line num="15" count="4" type="stmt"/>
        </file>
      </package>
      <package name="src.components.CreditRating">
        <metrics statements="4" coveredstatements="4" conditionals="0" coveredconditionals="0" methods="1" coveredmethods="1"/>
        <file name="CreditRating.jsx" path="/Users/kierandenshi/Working/redux-starter/src/components/CreditRating/CreditRating.jsx">
          <metrics statements="4" coveredstatements="4" conditionals="0" coveredconditionals="0" methods="1" coveredmethods="1"/>
          <line num="6" count="2" type="stmt"/>
          <line num="7" count="1" type="stmt"/>
          <line num="9" count="1" type="stmt"/>
          <line num="20" count="2" type="stmt"/>
        </file>
        <file name="index.js" path="/Users/kierandenshi/Working/redux-starter/src/components/CreditRating/index.js">
          <metrics statements="0" coveredstatements="0" conditionals="0" coveredconditionals="0" methods="0" coveredmethods="0"/>
        </file>
      </package>
      <package name="src.components.CreditReport">
        <metrics statements="9" coveredstatements="8" conditionals="2" coveredconditionals="2" methods="5" coveredmethods="4"/>
        <file name="CreditReport.jsx" path="/Users/kierandenshi/Working/redux-starter/src/components/CreditReport/CreditReport.jsx">
          <metrics statements="9" coveredstatements="8" conditionals="2" coveredconditionals="2" methods="5" coveredmethods="4"/>
          <line num="15" count="1" type="stmt"/>
          <line num="19" count="1" type="stmt"/>
          <line num="21" count="1" type="stmt"/>
          <line num="32" count="1" type="stmt"/>
          <line num="38" count="2" type="stmt"/>
          <line num="40" count="2" type="stmt"/>
          <line num="48" count="1" type="stmt"/>
          <line num="52" count="1" type="stmt"/>
          <line num="59" count="0" type="stmt"/>
        </file>
      </package>
      <package name="src.components.LongTermDebt">
        <metrics statements="4" coveredstatements="4" conditionals="0" coveredconditionals="0" methods="1" coveredmethods="1"/>
        <file name="LongTermDebt.jsx" path="/Users/kierandenshi/Working/redux-starter/src/components/LongTermDebt/LongTermDebt.jsx">
          <metrics statements="4" coveredstatements="4" conditionals="0" coveredconditionals="0" methods="1" coveredmethods="1"/>
          <line num="6" count="2" type="stmt"/>
          <line num="7" count="1" type="stmt"/>
          <line num="9" count="1" type="stmt"/>
          <line num="18" count="2" type="stmt"/>
        </file>
        <file name="index.js" path="/Users/kierandenshi/Working/redux-starter/src/components/LongTermDebt/index.js">
          <metrics statements="0" coveredstatements="0" conditionals="0" coveredconditionals="0" methods="0" coveredmethods="0"/>
        </file>
      </package>
      <package name="src.components.RadialChart">
        <metrics statements="14" coveredstatements="6" conditionals="0" coveredconditionals="0" methods="7" coveredmethods="2"/>
        <file name="RadialChart.jsx" path="/Users/kierandenshi/Working/redux-starter/src/components/RadialChart/RadialChart.jsx">
          <metrics statements="14" coveredstatements="6" conditionals="0" coveredconditionals="0" methods="7" coveredmethods="2"/>
          <line num="7" count="1" type="stmt"/>
          <line num="8" count="1" type="stmt"/>
          <line num="9" count="1" type="stmt"/>
          <line num="10" count="0" type="stmt"/>
          <line num="11" count="0" type="stmt"/>
          <line num="12" count="0" type="stmt"/>
          <line num="13" count="0" type="stmt"/>
          <line num="18" count="1" type="stmt"/>
          <line num="21" count="0" type="stmt"/>
          <line num="22" count="0" type="stmt"/>
          <line num="25" count="0" type="stmt"/>
          <line num="26" count="0" type="stmt"/>
          <line num="37" count="3" type="stmt"/>
          <line num="41" count="3" type="stmt"/>
        </file>
        <file name="index.js" path="/Users/kierandenshi/Working/redux-starter/src/components/RadialChart/index.js">
          <metrics statements="0" coveredstatements="0" conditionals="0" coveredconditionals="0" methods="0" coveredmethods="0"/>
        </file>
      </package>
      <package name="src.components.SlideShow">
        <metrics statements="25" coveredstatements="15" conditionals="8" coveredconditionals="5" methods="9" coveredmethods="4"/>
        <file name="SlideShow.jsx" path="/Users/kierandenshi/Working/redux-starter/src/components/SlideShow/SlideShow.jsx">
          <metrics statements="25" coveredstatements="15" conditionals="8" coveredconditionals="5" methods="9" coveredmethods="4"/>
          <line num="13" count="2" type="stmt"/>
          <line num="14" count="0" type="stmt"/>
          <line num="20" count="0" type="stmt"/>
          <line num="27" count="0" type="stmt"/>
          <line num="37" count="0" type="cond" truecount="0" falsecount="2"/>
          <line num="38" count="0" type="stmt"/>
          <line num="40" count="0" type="stmt"/>
          <line num="51" count="1" type="stmt"/>
          <line num="52" count="1" type="stmt"/>
          <line num="53" count="1" type="cond" truecount="1" falsecount="1"/>
          <line num="54" count="1" type="stmt"/>
          <line num="58" count="1" type="stmt"/>
          <line num="59" count="1" type="cond" truecount="2" falsecount="0"/>
          <line num="63" count="0" type="stmt"/>
          <line num="64" count="0" type="stmt"/>
          <line num="68" count="1" type="stmt"/>
          <line num="69" count="1" type="stmt"/>
          <line num="70" count="1" type="stmt"/>
          <line num="71" count="1" type="cond" truecount="2" falsecount="0"/>
          <line num="75" count="2" type="stmt"/>
          <line num="77" count="2" type="stmt"/>
          <line num="79" count="0" type="stmt"/>
          <line num="91" count="2" type="stmt"/>
          <line num="95" count="2" type="stmt"/>
          <line num="104" count="0" type="stmt"/>
        </file>
        <file name="index.js" path="/Users/kierandenshi/Working/redux-starter/src/components/SlideShow/index.js">
          <metrics statements="0" coveredstatements="0" conditionals="0" coveredconditionals="0" methods="0" coveredmethods="0"/>
        </file>
      </package>
      <package name="src.middleware">
        <metrics statements="61" coveredstatements="16" conditionals="40" coveredconditionals="0" methods="19" coveredmethods="2"/>
        <file name="scheduledActionMiddleware.js" path="/Users/kierandenshi/Working/redux-starter/src/middleware/scheduledActionMiddleware.js">
          <metrics statements="61" coveredstatements="16" conditionals="40" coveredconditionals="0" methods="19" coveredmethods="2"/>
          <line num="3" count="12" type="stmt"/>
          <line num="4" count="6" type="stmt"/>
          <line num="5" count="2" type="stmt"/>
          <line num="7" count="2" type="stmt"/>
          <line num="8" count="2" type="stmt"/>
          <line num="10" count="2" type="stmt"/>
          <line num="11" count="2" type="stmt"/>
          <line num="13" count="2" type="stmt"/>
          <line num="14" count="2" type="stmt"/>
          <line num="16" count="2" type="stmt"/>
          <line num="17" count="2" type="stmt"/>
          <line num="19" count="2" type="stmt"/>
          <line num="20" count="2" type="stmt"/>
          <line num="22" count="2" type="stmt"/>
          <line num="23" count="2" type="stmt"/>
          <line num="25" count="2" type="stmt"/>
          <line num="26" count="0" type="cond" truecount="0" falsecount="2"/>
          <line num="27" count="0" type="stmt"/>
          <line num="29" count="0" type="stmt"/>
          <line num="33" count="0" type="stmt"/>
          <line num="34" count="0" type="stmt"/>
          <line num="35" count="0" type="stmt"/>
          <line num="36" count="0" type="stmt"/>
          <line num="37" count="0" type="cond" truecount="0" falsecount="6"/>
          <line num="39" count="0" type="stmt"/>
          <line num="40" count="0" type="stmt"/>
          <line num="42" count="0" type="cond" truecount="0" falsecount="2"/>
          <line num="43" count="0" type="stmt"/>
          <line num="44" count="0" type="stmt"/>
          <line num="46" count="0" type="cond" truecount="0" falsecount="2"/>
          <line num="50" count="0" type="stmt"/>
          <line num="55" count="0" type="stmt"/>
          <line num="57" count="0" type="cond" truecount="0" falsecount="2"/>
          <line num="58" count="0" type="cond" truecount="0" falsecount="2"/>
          <line num="60" count="0" type="stmt"/>
          <line num="62" count="0" type="cond" truecount="0" falsecount="2"/>
          <line num="63" count="0" type="stmt"/>
          <line num="65" count="0" type="stmt"/>
          <line num="67" count="0" type="cond" truecount="0" falsecount="2"/>
          <line num="68" count="0" type="stmt"/>
          <line num="70" count="0" type="stmt"/>
          <line num="72" count="0" type="stmt"/>
          <line num="74" count="0" type="cond" truecount="0" falsecount="2"/>
          <line num="75" count="0" type="stmt"/>
          <line num="76" count="0" type="stmt"/>
          <line num="78" count="0" type="cond" truecount="0" falsecount="4"/>
          <line num="79" count="0" type="cond" truecount="0" falsecount="2"/>
          <line num="82" count="0" type="stmt"/>
          <line num="84" count="0" type="stmt"/>
          <line num="86" count="0" type="cond" truecount="0" falsecount="2"/>
          <line num="87" count="0" type="stmt"/>
          <line num="88" count="0" type="stmt"/>
          <line num="90" count="0" type="cond" truecount="0" falsecount="4"/>
          <line num="91" count="0" type="cond" truecount="0" falsecount="2"/>
          <line num="94" count="0" type="stmt"/>
          <line num="96" count="0" type="stmt"/>
          <line num="102" count="0" type="stmt"/>
          <line num="103" count="0" type="cond" truecount="0" falsecount="2"/>
          <line num="106" count="0" type="stmt"/>
          <line num="108" count="0" type="stmt"/>
          <line num="111" count="0" type="stmt"/>
        </file>
      </package>
      <package name="src.redux">
        <metrics statements="30" coveredstatements="25" conditionals="13" coveredconditionals="5" methods="12" coveredmethods="10"/>
        <file name="report.js" path="/Users/kierandenshi/Working/redux-starter/src/redux/report.js">
          <metrics statements="23" coveredstatements="18" conditionals="8" coveredconditionals="1" methods="9" coveredmethods="7"/>
          <line num="10" count="8" type="stmt"/>
          <line num="12" count="2" type="stmt"/>
          <line num="13" count="2" type="stmt"/>
          <line num="14" count="2" type="stmt"/>
          <line num="15" count="2" type="stmt"/>
          <line num="17" count="2" type="stmt"/>
          <line num="18" count="2" type="stmt"/>
          <line num="19" count="2" type="stmt"/>
          <line num="20" count="2" type="stmt"/>
          <line num="22" count="2" type="stmt"/>
          <line num="24" count="2" type="stmt"/>
          <line num="26" count="2" type="stmt"/>
          <line num="27" count="1" type="stmt"/>
          <line num="28" count="1" type="stmt"/>
          <line num="33" count="2" type="stmt"/>
          <line num="40" count="1" type="cond" truecount="1" falsecount="4"/>
          <line num="42" count="0" type="stmt"/>
          <line num="49" count="0" type="stmt"/>
          <line num="58" count="0" type="stmt"/>
          <line num="61" count="1" type="stmt"/>
          <line num="65" count="2" type="stmt"/>
          <line num="66" count="0" type="stmt"/>
          <line num="67" count="0" type="cond" truecount="0" falsecount="2"/>
        </file>
        <file name="slideshow.js" path="/Users/kierandenshi/Working/redux-starter/src/redux/slideshow.js">
          <metrics statements="7" coveredstatements="7" conditionals="5" coveredconditionals="4" methods="3" coveredmethods="3"/>
          <line num="1" count="7" type="stmt"/>
          <line num="2" count="3" type="stmt"/>
          <line num="4" count="3" type="stmt"/>
          <line num="6" count="3" type="stmt"/>
          <line num="11" count="4" type="cond" truecount="2" falsecount="0"/>
          <line num="13" count="3" type="stmt"/>
          <line num="19" count="1" type="stmt"/>
        </file>
      </package>
      <package name="src.test">
        <metrics statements="5" coveredstatements="5" conditionals="4" coveredconditionals="1" methods="2" coveredmethods="2"/>
        <file name="helpers.js" path="/Users/kierandenshi/Working/redux-starter/src/test/helpers.js">
          <metrics statements="4" coveredstatements="4" conditionals="4" coveredconditionals="1" methods="2" coveredmethods="2"/>
          <line num="3" count="4" type="cond" truecount="1" falsecount="1"/>
          <line num="4" count="6" type="stmt"/>
          <line num="6" count="4" type="cond" truecount="0" falsecount="2"/>
          <line num="7" count="2" type="stmt"/>
        </file>
        <file name="setup.js" path="/Users/kierandenshi/Working/redux-starter/src/test/setup.js">
          <metrics statements="1" coveredstatements="1" conditionals="0" coveredconditionals="0" methods="0" coveredmethods="0"/>
          <line num="4" count="8" type="stmt"/>
        </file>
      </package>
    </metrics>
  </project>
</coverage>
