{"/Users/kierandenshi/Working/redux-starter/src/environment.js": {"path":"/Users/kierandenshi/Working/redux-starter/src/environment.js","statementMap":{"0":{"start":{"line":3,"column":21},"end":{"line":3,"column":65}},"1":{"start":{"line":3,"column":27},"end":{"line":3,"column":65}},"2":{"start":{"line":4,"column":22},"end":{"line":4,"column":65}},"3":{"start":{"line":4,"column":28},"end":{"line":4,"column":65}},"4":{"start":{"line":5,"column":24},"end":{"line":5,"column":61}}},"fnMap":{"0":{"name":"(anonymous_0)","decl":{"start":{"line":3,"column":21},"end":{"line":3,"column":22}},"loc":{"start":{"line":3,"column":27},"end":{"line":3,"column":65}},"line":3},"1":{"name":"(anonymous_1)","decl":{"start":{"line":4,"column":22},"end":{"line":4,"column":23}},"loc":{"start":{"line":4,"column":28},"end":{"line":4,"column":65}},"line":4}},"branchMap":{"0":{"loc":{"start":{"line":5,"column":31},"end":{"line":5,"column":60}},"type":"binary-expr","locations":[{"start":{"line":5,"column":31},"end":{"line":5,"column":49}},{"start":{"line":5,"column":53},"end":{"line":5,"column":60}}],"line":5}},"s":{"0":2,"1":0,"2":2,"3":0,"4":2},"f":{"0":0,"1":0},"b":{"0":[2,2]},"_coverageSchema":"332fd63041d2c1bcb487cc26dd0d5f7d97098a6c","hash":"e85eb0404c3956535d89a9da47b17d92409a74b2"}
,"/Users/kierandenshi/Working/redux-starter/src/localisation.js": {"path":"/Users/kierandenshi/Working/redux-starter/src/localisation.js","statementMap":{"0":{"start":{"line":1,"column":16},"end":{"line":11,"column":1}},"1":{"start":{"line":13,"column":22},"end":{"line":16,"column":2}},"2":{"start":{"line":13,"column":33},"end":{"line":16,"column":1}},"3":{"start":{"line":14,"column":17},"end":{"line":14,"column":41}},"4":{"start":{"line":15,"column":19},"end":{"line":15,"column":102}}},"fnMap":{"0":{"name":"(anonymous_0)","decl":{"start":{"line":13,"column":22},"end":{"line":13,"column":23}},"loc":{"start":{"line":13,"column":33},"end":{"line":16,"column":1}},"line":13},"1":{"name":"(anonymous_1)","decl":{"start":{"line":14,"column":12},"end":{"line":14,"column":13}},"loc":{"start":{"line":14,"column":17},"end":{"line":14,"column":41}},"line":14},"2":{"name":"(anonymous_2)","decl":{"start":{"line":15,"column":14},"end":{"line":15,"column":15}},"loc":{"start":{"line":15,"column":19},"end":{"line":15,"column":102}},"line":15}},"branchMap":{},"s":{"0":3,"1":3,"2":5,"3":3,"4":4},"f":{"0":5,"1":3,"2":4},"b":{},"_coverageSchema":"332fd63041d2c1bcb487cc26dd0d5f7d97098a6c","hash":"ee723584ce5a03da274cacc16e6901126d33db15"}
,"/Users/kierandenshi/Working/redux-starter/src/components/CreditRating/CreditRating.jsx": {"path":"/Users/kierandenshi/Working/redux-starter/src/components/CreditRating/CreditRating.jsx","statementMap":{"0":{"start":{"line":6,"column":21},"end":{"line":18,"column":1}},"1":{"start":{"line":7,"column":52},"end":{"line":7,"column":56}},"2":{"start":{"line":9,"column":4},"end":{"line":17,"column":6}},"3":{"start":{"line":20,"column":0},"end":{"line":22,"column":2}}},"fnMap":{"0":{"name":"(anonymous_0)","decl":{"start":{"line":6,"column":21},"end":{"line":6,"column":22}},"loc":{"start":{"line":6,"column":35},"end":{"line":18,"column":1}},"line":6}},"branchMap":{},"s":{"0":2,"1":1,"2":1,"3":2},"f":{"0":1},"b":{},"_coverageSchema":"332fd63041d2c1bcb487cc26dd0d5f7d97098a6c","hash":"412111135cf02d7fde1cabbf593170fb933f6dba"}
,"/Users/kierandenshi/Working/redux-starter/src/components/CreditRating/index.js": {"path":"/Users/kierandenshi/Working/redux-starter/src/components/CreditRating/index.js","statementMap":{},"fnMap":{},"branchMap":{},"s":{},"f":{},"b":{},"_coverageSchema":"332fd63041d2c1bcb487cc26dd0d5f7d97098a6c","hash":"03bba7b47d53feb879eb30a53cad14a54a3eb835"}
,"/Users/kierandenshi/Working/redux-starter/src/components/CreditReport/CreditReport.jsx": {"path":"/Users/kierandenshi/Working/redux-starter/src/components/CreditReport/CreditReport.jsx","statementMap":{"0":{"start":{"line":15,"column":8},"end":{"line":15,"column":38}},"1":{"start":{"line":19,"column":25},"end":{"line":19,"column":35}},"2":{"start":{"line":21,"column":8},"end":{"line":28,"column":10}},"3":{"start":{"line":32,"column":8},"end":{"line":34,"column":10}},"4":{"start":{"line":38,"column":28},"end":{"line":38,"column":38}},"5":{"start":{"line":40,"column":8},"end":{"line":44,"column":10}},"6":{"start":{"line":48,"column":0},"end":{"line":50,"column":2}},"7":{"start":{"line":52,"column":0},"end":{"line":56,"column":2}},"8":{"start":{"line":59,"column":14},"end":{"line":62,"column":5}}},"fnMap":{"0":{"name":"(anonymous_0)","decl":{"start":{"line":14,"column":4},"end":{"line":14,"column":5}},"loc":{"start":{"line":14,"column":24},"end":{"line":16,"column":5}},"line":14},"1":{"name":"(anonymous_1)","decl":{"start":{"line":18,"column":4},"end":{"line":18,"column":5}},"loc":{"start":{"line":18,"column":24},"end":{"line":29,"column":5}},"line":18},"2":{"name":"(anonymous_2)","decl":{"start":{"line":31,"column":4},"end":{"line":31,"column":5}},"loc":{"start":{"line":31,"column":26},"end":{"line":35,"column":5}},"line":31},"3":{"name":"(anonymous_3)","decl":{"start":{"line":37,"column":4},"end":{"line":37,"column":5}},"loc":{"start":{"line":37,"column":13},"end":{"line":45,"column":5}},"line":37},"4":{"name":"(anonymous_4)","decl":{"start":{"line":59,"column":4},"end":{"line":59,"column":5}},"loc":{"start":{"line":59,"column":14},"end":{"line":62,"column":5}},"line":59}},"branchMap":{"0":{"loc":{"start":{"line":42,"column":18},"end":{"line":42,"column":81}},"type":"cond-expr","locations":[{"start":{"line":42,"column":28},"end":{"line":42,"column":52}},{"start":{"line":42,"column":55},"end":{"line":42,"column":81}}],"line":42}},"s":{"0":1,"1":1,"2":1,"3":1,"4":2,"5":2,"6":1,"7":1,"8":0},"f":{"0":1,"1":1,"2":1,"3":2,"4":0},"b":{"0":[1,1]},"_coverageSchema":"332fd63041d2c1bcb487cc26dd0d5f7d97098a6c","hash":"30e2681e744dfce5a3bf7d3d3849e5e4ea46b31c"}
,"/Users/kierandenshi/Working/redux-starter/src/components/LongTermDebt/LongTermDebt.jsx": {"path":"/Users/kierandenshi/Working/redux-starter/src/components/LongTermDebt/LongTermDebt.jsx","statementMap":{"0":{"start":{"line":6,"column":21},"end":{"line":16,"column":1}},"1":{"start":{"line":7,"column":36},"end":{"line":7,"column":40}},"2":{"start":{"line":9,"column":4},"end":{"line":15,"column":6}},"3":{"start":{"line":18,"column":0},"end":{"line":20,"column":2}}},"fnMap":{"0":{"name":"(anonymous_0)","decl":{"start":{"line":6,"column":21},"end":{"line":6,"column":22}},"loc":{"start":{"line":6,"column":35},"end":{"line":16,"column":1}},"line":6}},"branchMap":{},"s":{"0":2,"1":1,"2":1,"3":2},"f":{"0":1},"b":{},"_coverageSchema":"332fd63041d2c1bcb487cc26dd0d5f7d97098a6c","hash":"8215c1adeae978a1b95a4ba8fc5a7cd8f04fb19f"}
,"/Users/kierandenshi/Working/redux-starter/src/components/LongTermDebt/index.js": {"path":"/Users/kierandenshi/Working/redux-starter/src/components/LongTermDebt/index.js","statementMap":{},"fnMap":{},"branchMap":{},"s":{},"f":{},"b":{},"_coverageSchema":"332fd63041d2c1bcb487cc26dd0d5f7d97098a6c","hash":"d58493490211aa05850089541ae0815683d42def"}
,"/Users/kierandenshi/Working/redux-starter/src/components/RadialChart/RadialChart.jsx": {"path":"/Users/kierandenshi/Working/redux-starter/src/components/RadialChart/RadialChart.jsx","statementMap":{"0":{"start":{"line":7,"column":36},"end":{"line":7,"column":46}},"1":{"start":{"line":8,"column":18},"end":{"line":8,"column":58}},"2":{"start":{"line":9,"column":8},"end":{"line":14,"column":17}},"3":{"start":{"line":10,"column":12},"end":{"line":10,"column":62}},"4":{"start":{"line":11,"column":12},"end":{"line":11,"column":66}},"5":{"start":{"line":12,"column":12},"end":{"line":12,"column":66}},"6":{"start":{"line":13,"column":12},"end":{"line":13,"column":73}},"7":{"start":{"line":18,"column":8},"end":{"line":33,"column":10}},"8":{"start":{"line":21,"column":63},"end":{"line":21,"column":81}},"9":{"start":{"line":22,"column":62},"end":{"line":22,"column":84}},"10":{"start":{"line":25,"column":62},"end":{"line":25,"column":84}},"11":{"start":{"line":26,"column":66},"end":{"line":26,"column":91}},"12":{"start":{"line":37,"column":0},"end":{"line":39,"column":2}},"13":{"start":{"line":41,"column":0},"end":{"line":45,"column":2}}},"fnMap":{"0":{"name":"(anonymous_0)","decl":{"start":{"line":6,"column":4},"end":{"line":6,"column":5}},"loc":{"start":{"line":6,"column":24},"end":{"line":15,"column":5}},"line":6},"1":{"name":"(anonymous_1)","decl":{"start":{"line":9,"column":19},"end":{"line":9,"column":20}},"loc":{"start":{"line":9,"column":25},"end":{"line":14,"column":9}},"line":9},"2":{"name":"(anonymous_2)","decl":{"start":{"line":17,"column":4},"end":{"line":17,"column":5}},"loc":{"start":{"line":17,"column":13},"end":{"line":34,"column":5}},"line":17},"3":{"name":"(anonymous_3)","decl":{"start":{"line":21,"column":54},"end":{"line":21,"column":55}},"loc":{"start":{"line":21,"column":61},"end":{"line":21,"column":83}},"line":21},"4":{"name":"(anonymous_4)","decl":{"start":{"line":22,"column":53},"end":{"line":22,"column":54}},"loc":{"start":{"line":22,"column":60},"end":{"line":22,"column":86}},"line":22},"5":{"name":"(anonymous_5)","decl":{"start":{"line":25,"column":53},"end":{"line":25,"column":54}},"loc":{"start":{"line":25,"column":60},"end":{"line":25,"column":86}},"line":25},"6":{"name":"(anonymous_6)","decl":{"start":{"line":26,"column":57},"end":{"line":26,"column":58}},"loc":{"start":{"line":26,"column":64},"end":{"line":26,"column":93}},"line":26}},"branchMap":{},"s":{"0":1,"1":1,"2":1,"3":0,"4":0,"5":0,"6":0,"7":1,"8":0,"9":0,"10":0,"11":0,"12":3,"13":3},"f":{"0":1,"1":0,"2":1,"3":0,"4":0,"5":0,"6":0},"b":{},"_coverageSchema":"332fd63041d2c1bcb487cc26dd0d5f7d97098a6c","hash":"ee87513f579cb383e70e89998b86dadc8bfab4e6"}
,"/Users/kierandenshi/Working/redux-starter/src/components/RadialChart/index.js": {"path":"/Users/kierandenshi/Working/redux-starter/src/components/RadialChart/index.js","statementMap":{},"fnMap":{},"branchMap":{},"s":{},"f":{},"b":{},"_coverageSchema":"332fd63041d2c1bcb487cc26dd0d5f7d97098a6c","hash":"b2f9d52205ddc2c27c499fd9b2419a7ac778b891"}
,"/Users/kierandenshi/Working/redux-starter/src/components/SlideShow/SlideShow.jsx": {"path":"/Users/kierandenshi/Working/redux-starter/src/components/SlideShow/SlideShow.jsx","statementMap":{"0":{"start":{"line":13,"column":24},"end":{"line":47,"column":1}},"1":{"start":{"line":14,"column":25},"end":{"line":18,"column":5}},"2":{"start":{"line":20,"column":29},"end":{"line":25,"column":5}},"3":{"start":{"line":27,"column":4},"end":{"line":46,"column":6}},"4":{"start":{"line":37,"column":20},"end":{"line":39,"column":21}},"5":{"start":{"line":38,"column":24},"end":{"line":38,"column":36}},"6":{"start":{"line":40,"column":20},"end":{"line":42,"column":23}},"7":{"start":{"line":51,"column":8},"end":{"line":51,"column":21}},"8":{"start":{"line":52,"column":29},"end":{"line":52,"column":34}},"9":{"start":{"line":53,"column":8},"end":{"line":53,"column":53}},"10":{"start":{"line":54,"column":8},"end":{"line":54,"column":24}},"11":{"start":{"line":58,"column":29},"end":{"line":58,"column":39}},"12":{"start":{"line":59,"column":8},"end":{"line":59,"column":112}},"13":{"start":{"line":63,"column":31},"end":{"line":63,"column":41}},"14":{"start":{"line":64,"column":8},"end":{"line":64,"column":36}},"15":{"start":{"line":68,"column":41},"end":{"line":68,"column":51}},"16":{"start":{"line":69,"column":8},"end":{"line":69,"column":36}},"17":{"start":{"line":70,"column":8},"end":{"line":70,"column":46}},"18":{"start":{"line":71,"column":8},"end":{"line":71,"column":112}},"19":{"start":{"line":75,"column":43},"end":{"line":75,"column":53}},"20":{"start":{"line":77,"column":8},"end":{"line":87,"column":10}},"21":{"start":{"line":79,"column":81},"end":{"line":79,"column":100}},"22":{"start":{"line":91,"column":0},"end":{"line":93,"column":2}},"23":{"start":{"line":95,"column":0},"end":{"line":101,"column":2}},"24":{"start":{"line":104,"column":14},"end":{"line":106,"column":5}}},"fnMap":{"0":{"name":"(anonymous_0)","decl":{"start":{"line":13,"column":24},"end":{"line":13,"column":25}},"loc":{"start":{"line":13,"column":64},"end":{"line":47,"column":1}},"line":13},"1":{"name":"(anonymous_1)","decl":{"start":{"line":36,"column":16},"end":{"line":36,"column":17}},"loc":{"start":{"line":36,"column":28},"end":{"line":43,"column":17}},"line":36},"2":{"name":"(anonymous_2)","decl":{"start":{"line":50,"column":4},"end":{"line":50,"column":5}},"loc":{"start":{"line":50,"column":23},"end":{"line":55,"column":5}},"line":50},"3":{"name":"(anonymous_3)","decl":{"start":{"line":57,"column":4},"end":{"line":57,"column":5}},"loc":{"start":{"line":57,"column":24},"end":{"line":60,"column":5}},"line":57},"4":{"name":"(anonymous_4)","decl":{"start":{"line":62,"column":4},"end":{"line":62,"column":5}},"loc":{"start":{"line":62,"column":27},"end":{"line":65,"column":5}},"line":62},"5":{"name":"(anonymous_5)","decl":{"start":{"line":67,"column":16},"end":{"line":67,"column":17}},"loc":{"start":{"line":67,"column":22},"end":{"line":72,"column":5}},"line":67},"6":{"name":"(anonymous_6)","decl":{"start":{"line":74,"column":4},"end":{"line":74,"column":5}},"loc":{"start":{"line":74,"column":13},"end":{"line":88,"column":5}},"line":74},"7":{"name":"(anonymous_7)","decl":{"start":{"line":79,"column":72},"end":{"line":79,"column":73}},"loc":{"start":{"line":79,"column":79},"end":{"line":79,"column":102}},"line":79},"8":{"name":"(anonymous_8)","decl":{"start":{"line":104,"column":4},"end":{"line":104,"column":5}},"loc":{"start":{"line":104,"column":14},"end":{"line":106,"column":5}},"line":104}},"branchMap":{"0":{"loc":{"start":{"line":37,"column":20},"end":{"line":39,"column":21}},"type":"if","locations":[{"start":{"line":37,"column":20},"end":{"line":39,"column":21}},{"start":{"line":37,"column":20},"end":{"line":39,"column":21}}],"line":37},"1":{"loc":{"start":{"line":53,"column":22},"end":{"line":53,"column":52}},"type":"cond-expr","locations":[{"start":{"line":53,"column":33},"end":{"line":53,"column":48}},{"start":{"line":53,"column":51},"end":{"line":53,"column":52}}],"line":53},"2":{"loc":{"start":{"line":59,"column":8},"end":{"line":59,"column":111}},"type":"binary-expr","locations":[{"start":{"line":59,"column":8},"end":{"line":59,"column":23}},{"start":{"line":59,"column":27},"end":{"line":59,"column":111}}],"line":59},"3":{"loc":{"start":{"line":71,"column":8},"end":{"line":71,"column":111}},"type":"binary-expr","locations":[{"start":{"line":71,"column":8},"end":{"line":71,"column":23}},{"start":{"line":71,"column":27},"end":{"line":71,"column":111}}],"line":71}},"s":{"0":2,"1":0,"2":0,"3":0,"4":0,"5":0,"6":0,"7":1,"8":1,"9":1,"10":1,"11":1,"12":1,"13":0,"14":0,"15":1,"16":1,"17":1,"18":1,"19":2,"20":2,"21":0,"22":2,"23":2,"24":0},"f":{"0":0,"1":0,"2":1,"3":1,"4":0,"5":1,"6":2,"7":0,"8":0},"b":{"0":[0,0],"1":[1,0],"2":[1,1],"3":[1,1]},"_coverageSchema":"332fd63041d2c1bcb487cc26dd0d5f7d97098a6c","hash":"da8d3c4a10abfefa61667bb9cfac5c48fd9dc437"}
,"/Users/kierandenshi/Working/redux-starter/src/components/SlideShow/index.js": {"path":"/Users/kierandenshi/Working/redux-starter/src/components/SlideShow/index.js","statementMap":{},"fnMap":{},"branchMap":{},"s":{},"f":{},"b":{},"_coverageSchema":"332fd63041d2c1bcb487cc26dd0d5f7d97098a6c","hash":"71b999591a961003199bceebb9fb28fcaca2e999"}
,"/Users/kierandenshi/Working/redux-starter/src/middleware/scheduledActionMiddleware.js": {"path":"/Users/kierandenshi/Working/redux-starter/src/middleware/scheduledActionMiddleware.js","statementMap":{"0":{"start":{"line":3,"column":15},"end":{"line":3,"column":46}},"1":{"start":{"line":3,"column":24},"end":{"line":3,"column":46}},"2":{"start":{"line":4,"column":21},"end":{"line":4,"column":59}},"3":{"start":{"line":4,"column":29},"end":{"line":4,"column":59}},"4":{"start":{"line":4,"column":41},"end":{"line":4,"column":58}},"5":{"start":{"line":5,"column":25},"end":{"line":5,"column":86}},"6":{"start":{"line":5,"column":41},"end":{"line":5,"column":86}},"7":{"start":{"line":5,"column":61},"end":{"line":5,"column":85}},"8":{"start":{"line":7,"column":24},"end":{"line":7,"column":42}},"9":{"start":{"line":8,"column":24},"end":{"line":8,"column":83}},"10":{"start":{"line":8,"column":41},"end":{"line":8,"column":83}},"11":{"start":{"line":10,"column":26},"end":{"line":10,"column":46}},"12":{"start":{"line":11,"column":26},"end":{"line":11,"column":64}},"13":{"start":{"line":11,"column":32},"end":{"line":11,"column":64}},"14":{"start":{"line":13,"column":26},"end":{"line":13,"column":46}},"15":{"start":{"line":14,"column":26},"end":{"line":14,"column":74}},"16":{"start":{"line":14,"column":38},"end":{"line":14,"column":74}},"17":{"start":{"line":16,"column":20},"end":{"line":16,"column":34}},"18":{"start":{"line":17,"column":20},"end":{"line":17,"column":38}},"19":{"start":{"line":19,"column":21},"end":{"line":19,"column":36}},"20":{"start":{"line":20,"column":21},"end":{"line":20,"column":40}},"21":{"start":{"line":22,"column":20},"end":{"line":22,"column":34}},"22":{"start":{"line":23,"column":20},"end":{"line":23,"column":38}},"23":{"start":{"line":25,"column":23},"end":{"line":30,"column":1}},"24":{"start":{"line":26,"column":4},"end":{"line":28,"column":5}},"25":{"start":{"line":27,"column":8},"end":{"line":27,"column":85}},"26":{"start":{"line":27,"column":35},"end":{"line":27,"column":75}},"27":{"start":{"line":29,"column":4},"end":{"line":29,"column":16}},"28":{"start":{"line":33,"column":27},"end":{"line":33,"column":29}},"29":{"start":{"line":34,"column":23},"end":{"line":34,"column":28}},"30":{"start":{"line":35,"column":16},"end":{"line":35,"column":20}},"31":{"start":{"line":36,"column":4},"end":{"line":112,"column":6}},"32":{"start":{"line":36,"column":20},"end":{"line":112,"column":5}},"33":{"start":{"line":36,"column":28},"end":{"line":112,"column":5}},"34":{"start":{"line":37,"column":8},"end":{"line":110,"column":9}},"35":{"start":{"line":39,"column":16},"end":{"line":39,"column":46}},"36":{"start":{"line":40,"column":16},"end":{"line":40,"column":23}},"37":{"start":{"line":42,"column":16},"end":{"line":42,"column":46}},"38":{"start":{"line":43,"column":16},"end":{"line":43,"column":29}},"39":{"start":{"line":44,"column":16},"end":{"line":44,"column":23}},"40":{"start":{"line":46,"column":16},"end":{"line":54,"column":17}},"41":{"start":{"line":50,"column":20},"end":{"line":53,"column":22}},"42":{"start":{"line":55,"column":16},"end":{"line":55,"column":23}},"43":{"start":{"line":57,"column":16},"end":{"line":59,"column":17}},"44":{"start":{"line":58,"column":20},"end":{"line":58,"column":133}},"45":{"start":{"line":58,"column":69},"end":{"line":58,"column":130}},"46":{"start":{"line":60,"column":16},"end":{"line":60,"column":23}},"47":{"start":{"line":62,"column":16},"end":{"line":64,"column":17}},"48":{"start":{"line":63,"column":20},"end":{"line":63,"column":95}},"49":{"start":{"line":63,"column":71},"end":{"line":63,"column":93}},"50":{"start":{"line":65,"column":16},"end":{"line":65,"column":23}},"51":{"start":{"line":67,"column":16},"end":{"line":67,"column":45}},"52":{"start":{"line":67,"column":36},"end":{"line":67,"column":43}},"53":{"start":{"line":68,"column":16},"end":{"line":68,"column":36}},"54":{"start":{"line":70,"column":41},"end":{"line":70,"column":62}},"55":{"start":{"line":72,"column":16},"end":{"line":100,"column":18}},"56":{"start":{"line":74,"column":24},"end":{"line":98,"column":25}},"57":{"start":{"line":75,"column":44},"end":{"line":75,"column":73}},"58":{"start":{"line":76,"column":48},"end":{"line":76,"column":61}},"59":{"start":{"line":78,"column":28},"end":{"line":85,"column":29}},"60":{"start":{"line":79,"column":47},"end":{"line":81,"column":49}},"61":{"start":{"line":82,"column":32},"end":{"line":82,"column":92}},"62":{"start":{"line":84,"column":32},"end":{"line":84,"column":66}},"63":{"start":{"line":86,"column":31},"end":{"line":98,"column":25}},"64":{"start":{"line":87,"column":44},"end":{"line":87,"column":113}},"65":{"start":{"line":88,"column":48},"end":{"line":88,"column":61}},"66":{"start":{"line":90,"column":28},"end":{"line":97,"column":29}},"67":{"start":{"line":91,"column":47},"end":{"line":93,"column":49}},"68":{"start":{"line":94,"column":32},"end":{"line":94,"column":92}},"69":{"start":{"line":96,"column":32},"end":{"line":96,"column":69}},"70":{"start":{"line":102,"column":16},"end":{"line":104,"column":18}},"71":{"start":{"line":102,"column":68},"end":{"line":102,"column":111}},"72":{"start":{"line":103,"column":29},"end":{"line":103,"column":126}},"73":{"start":{"line":106,"column":16},"end":{"line":106,"column":37}},"74":{"start":{"line":108,"column":16},"end":{"line":108,"column":23}},"75":{"start":{"line":111,"column":8},"end":{"line":111,"column":32}}},"fnMap":{"0":{"name":"(anonymous_0)","decl":{"start":{"line":3,"column":15},"end":{"line":3,"column":16}},"loc":{"start":{"line":3,"column":24},"end":{"line":3,"column":46}},"line":3},"1":{"name":"(anonymous_1)","decl":{"start":{"line":4,"column":21},"end":{"line":4,"column":22}},"loc":{"start":{"line":4,"column":29},"end":{"line":4,"column":59}},"line":4},"2":{"name":"(anonymous_2)","decl":{"start":{"line":4,"column":29},"end":{"line":4,"column":30}},"loc":{"start":{"line":4,"column":41},"end":{"line":4,"column":58}},"line":4},"3":{"name":"(anonymous_3)","decl":{"start":{"line":5,"column":25},"end":{"line":5,"column":26}},"loc":{"start":{"line":5,"column":41},"end":{"line":5,"column":86}},"line":5},"4":{"name":"(anonymous_4)","decl":{"start":{"line":5,"column":53},"end":{"line":5,"column":54}},"loc":{"start":{"line":5,"column":61},"end":{"line":5,"column":85}},"line":5},"5":{"name":"(anonymous_5)","decl":{"start":{"line":8,"column":24},"end":{"line":8,"column":25}},"loc":{"start":{"line":8,"column":41},"end":{"line":8,"column":83}},"line":8},"6":{"name":"(anonymous_6)","decl":{"start":{"line":11,"column":26},"end":{"line":11,"column":27}},"loc":{"start":{"line":11,"column":32},"end":{"line":11,"column":64}},"line":11},"7":{"name":"(anonymous_7)","decl":{"start":{"line":14,"column":26},"end":{"line":14,"column":27}},"loc":{"start":{"line":14,"column":38},"end":{"line":14,"column":74}},"line":14},"8":{"name":"(anonymous_8)","decl":{"start":{"line":25,"column":23},"end":{"line":25,"column":24}},"loc":{"start":{"line":25,"column":34},"end":{"line":30,"column":1}},"line":25},"9":{"name":"(anonymous_9)","decl":{"start":{"line":27,"column":27},"end":{"line":27,"column":28}},"loc":{"start":{"line":27,"column":33},"end":{"line":27,"column":77}},"line":27},"10":{"name":"(anonymous_10)","decl":{"start":{"line":32,"column":15},"end":{"line":32,"column":16}},"loc":{"start":{"line":32,"column":21},"end":{"line":113,"column":1}},"line":32},"11":{"name":"(anonymous_11)","decl":{"start":{"line":36,"column":11},"end":{"line":36,"column":12}},"loc":{"start":{"line":36,"column":20},"end":{"line":112,"column":5}},"line":36},"12":{"name":"(anonymous_12)","decl":{"start":{"line":36,"column":20},"end":{"line":36,"column":21}},"loc":{"start":{"line":36,"column":28},"end":{"line":112,"column":5}},"line":36},"13":{"name":"(anonymous_13)","decl":{"start":{"line":36,"column":28},"end":{"line":36,"column":29}},"loc":{"start":{"line":36,"column":51},"end":{"line":112,"column":5}},"line":36},"14":{"name":"(anonymous_14)","decl":{"start":{"line":58,"column":60},"end":{"line":58,"column":61}},"loc":{"start":{"line":58,"column":69},"end":{"line":58,"column":130}},"line":58},"15":{"name":"(anonymous_15)","decl":{"start":{"line":63,"column":63},"end":{"line":63,"column":64}},"loc":{"start":{"line":63,"column":71},"end":{"line":63,"column":93}},"line":63},"16":{"name":"(anonymous_16)","decl":{"start":{"line":73,"column":20},"end":{"line":73,"column":21}},"loc":{"start":{"line":73,"column":30},"end":{"line":99,"column":21}},"line":73},"17":{"name":"(anonymous_17)","decl":{"start":{"line":102,"column":59},"end":{"line":102,"column":60}},"loc":{"start":{"line":102,"column":68},"end":{"line":102,"column":111}},"line":102},"18":{"name":"(anonymous_18)","decl":{"start":{"line":103,"column":20},"end":{"line":103,"column":21}},"loc":{"start":{"line":103,"column":29},"end":{"line":103,"column":126}},"line":103}},"branchMap":{"0":{"loc":{"start":{"line":26,"column":4},"end":{"line":28,"column":5}},"type":"if","locations":[{"start":{"line":26,"column":4},"end":{"line":28,"column":5}},{"start":{"line":26,"column":4},"end":{"line":28,"column":5}}],"line":26},"1":{"loc":{"start":{"line":37,"column":8},"end":{"line":110,"column":9}},"type":"switch","locations":[{"start":{"line":38,"column":12},"end":{"line":40,"column":23}},{"start":{"line":41,"column":12},"end":{"line":44,"column":23}},{"start":{"line":45,"column":12},"end":{"line":55,"column":23}},{"start":{"line":56,"column":12},"end":{"line":60,"column":23}},{"start":{"line":61,"column":12},"end":{"line":65,"column":23}},{"start":{"line":66,"column":12},"end":{"line":109,"column":13}}],"line":37},"2":{"loc":{"start":{"line":42,"column":16},"end":{"line":42,"column":45}},"type":"binary-expr","locations":[{"start":{"line":42,"column":16},"end":{"line":42,"column":21}},{"start":{"line":42,"column":25},"end":{"line":42,"column":45}}],"line":42},"3":{"loc":{"start":{"line":46,"column":16},"end":{"line":54,"column":17}},"type":"if","locations":[{"start":{"line":46,"column":16},"end":{"line":54,"column":17}},{"start":{"line":46,"column":16},"end":{"line":54,"column":17}}],"line":46},"4":{"loc":{"start":{"line":47,"column":20},"end":{"line":48,"column":66}},"type":"binary-expr","locations":[{"start":{"line":47,"column":20},"end":{"line":47,"column":63}},{"start":{"line":48,"column":20},"end":{"line":48,"column":66}}],"line":47},"5":{"loc":{"start":{"line":57,"column":16},"end":{"line":59,"column":17}},"type":"if","locations":[{"start":{"line":57,"column":16},"end":{"line":59,"column":17}},{"start":{"line":57,"column":16},"end":{"line":59,"column":17}}],"line":57},"6":{"loc":{"start":{"line":58,"column":69},"end":{"line":58,"column":130}},"type":"cond-expr","locations":[{"start":{"line":58,"column":96},"end":{"line":58,"column":123}},{"start":{"line":58,"column":126},"end":{"line":58,"column":130}}],"line":58},"7":{"loc":{"start":{"line":62,"column":16},"end":{"line":64,"column":17}},"type":"if","locations":[{"start":{"line":62,"column":16},"end":{"line":64,"column":17}},{"start":{"line":62,"column":16},"end":{"line":64,"column":17}}],"line":62},"8":{"loc":{"start":{"line":67,"column":16},"end":{"line":67,"column":45}},"type":"if","locations":[{"start":{"line":67,"column":16},"end":{"line":67,"column":45}},{"start":{"line":67,"column":16},"end":{"line":67,"column":45}}],"line":67},"9":{"loc":{"start":{"line":74,"column":24},"end":{"line":98,"column":25}},"type":"if","locations":[{"start":{"line":74,"column":24},"end":{"line":98,"column":25}},{"start":{"line":74,"column":24},"end":{"line":98,"column":25}}],"line":74},"10":{"loc":{"start":{"line":78,"column":28},"end":{"line":85,"column":29}},"type":"if","locations":[{"start":{"line":78,"column":28},"end":{"line":85,"column":29}},{"start":{"line":78,"column":28},"end":{"line":85,"column":29}}],"line":78},"11":{"loc":{"start":{"line":78,"column":32},"end":{"line":78,"column":62}},"type":"binary-expr","locations":[{"start":{"line":78,"column":32},"end":{"line":78,"column":48}},{"start":{"line":78,"column":52},"end":{"line":78,"column":62}}],"line":78},"12":{"loc":{"start":{"line":79,"column":47},"end":{"line":81,"column":49}},"type":"cond-expr","locations":[{"start":{"line":80,"column":38},"end":{"line":80,"column":68}},{"start":{"line":81,"column":38},"end":{"line":81,"column":49}}],"line":79},"13":{"loc":{"start":{"line":86,"column":31},"end":{"line":98,"column":25}},"type":"if","locations":[{"start":{"line":86,"column":31},"end":{"line":98,"column":25}},{"start":{"line":86,"column":31},"end":{"line":98,"column":25}}],"line":86},"14":{"loc":{"start":{"line":90,"column":28},"end":{"line":97,"column":29}},"type":"if","locations":[{"start":{"line":90,"column":28},"end":{"line":97,"column":29}},{"start":{"line":90,"column":28},"end":{"line":97,"column":29}}],"line":90},"15":{"loc":{"start":{"line":90,"column":32},"end":{"line":90,"column":62}},"type":"binary-expr","locations":[{"start":{"line":90,"column":32},"end":{"line":90,"column":48}},{"start":{"line":90,"column":52},"end":{"line":90,"column":62}}],"line":90},"16":{"loc":{"start":{"line":91,"column":47},"end":{"line":93,"column":49}},"type":"cond-expr","locations":[{"start":{"line":92,"column":38},"end":{"line":92,"column":68}},{"start":{"line":93,"column":38},"end":{"line":93,"column":49}}],"line":91},"17":{"loc":{"start":{"line":103,"column":29},"end":{"line":103,"column":126}},"type":"cond-expr","locations":[{"start":{"line":103,"column":80},"end":{"line":103,"column":119}},{"start":{"line":103,"column":122},"end":{"line":103,"column":126}}],"line":103}},"s":{"0":2,"1":12,"2":2,"3":6,"4":0,"5":2,"6":0,"7":0,"8":2,"9":2,"10":0,"11":2,"12":2,"13":0,"14":2,"15":2,"16":0,"17":2,"18":2,"19":2,"20":2,"21":2,"22":2,"23":2,"24":0,"25":0,"26":0,"27":0,"28":0,"29":0,"30":0,"31":0,"32":0,"33":0,"34":0,"35":0,"36":0,"37":0,"38":0,"39":0,"40":0,"41":0,"42":0,"43":0,"44":0,"45":0,"46":0,"47":0,"48":0,"49":0,"50":0,"51":0,"52":0,"53":0,"54":0,"55":0,"56":0,"57":0,"58":0,"59":0,"60":0,"61":0,"62":0,"63":0,"64":0,"65":0,"66":0,"67":0,"68":0,"69":0,"70":0,"71":0,"72":0,"73":0,"74":0,"75":0},"f":{"0":12,"1":6,"2":0,"3":0,"4":0,"5":0,"6":0,"7":0,"8":0,"9":0,"10":0,"11":0,"12":0,"13":0,"14":0,"15":0,"16":0,"17":0,"18":0},"b":{"0":[0,0],"1":[0,0,0,0,0,0],"2":[0,0],"3":[0,0],"4":[0,0],"5":[0,0],"6":[0,0],"7":[0,0],"8":[0,0],"9":[0,0],"10":[0,0],"11":[0,0],"12":[0,0],"13":[0,0],"14":[0,0],"15":[0,0],"16":[0,0],"17":[0,0]},"_coverageSchema":"332fd63041d2c1bcb487cc26dd0d5f7d97098a6c","hash":"8e0f15ce15d22d4ef33cc629cb90149993f27ccb"}
,"/Users/kierandenshi/Working/redux-starter/src/redux/report.js": {"path":"/Users/kierandenshi/Working/redux-starter/src/redux/report.js","statementMap":{"0":{"start":{"line":10,"column":21},"end":{"line":10,"column":59}},"1":{"start":{"line":10,"column":29},"end":{"line":10,"column":59}},"2":{"start":{"line":10,"column":41},"end":{"line":10,"column":58}},"3":{"start":{"line":12,"column":27},"end":{"line":12,"column":47}},"4":{"start":{"line":13,"column":30},"end":{"line":13,"column":53}},"5":{"start":{"line":14,"column":27},"end":{"line":14,"column":47}},"6":{"start":{"line":15,"column":28},"end":{"line":15,"column":49}},"7":{"start":{"line":17,"column":32},"end":{"line":17,"column":64}},"8":{"start":{"line":18,"column":33},"end":{"line":18,"column":66}},"9":{"start":{"line":19,"column":35},"end":{"line":19,"column":70}},"10":{"start":{"line":20,"column":32},"end":{"line":20,"column":64}},"11":{"start":{"line":22,"column":21},"end":{"line":31,"column":1}},"12":{"start":{"line":24,"column":8},"end":{"line":30,"column":13}},"13":{"start":{"line":26,"column":22},"end":{"line":29,"column":67}},"14":{"start":{"line":27,"column":37},"end":{"line":27,"column":66}},"15":{"start":{"line":28,"column":36},"end":{"line":28,"column":74}},"16":{"start":{"line":33,"column":28},"end":{"line":37,"column":1}},"17":{"start":{"line":40,"column":4},"end":{"line":62,"column":5}},"18":{"start":{"line":42,"column":12},"end":{"line":46,"column":14}},"19":{"start":{"line":49,"column":12},"end":{"line":54,"column":14}},"20":{"start":{"line":58,"column":12},"end":{"line":58,"column":32}},"21":{"start":{"line":61,"column":12},"end":{"line":61,"column":25}},"22":{"start":{"line":65,"column":29},"end":{"line":68,"column":1}},"23":{"start":{"line":66,"column":13},"end":{"line":66,"column":30}},"24":{"start":{"line":67,"column":13},"end":{"line":67,"column":46}}},"fnMap":{"0":{"name":"(anonymous_0)","decl":{"start":{"line":10,"column":21},"end":{"line":10,"column":22}},"loc":{"start":{"line":10,"column":29},"end":{"line":10,"column":59}},"line":10},"1":{"name":"(anonymous_1)","decl":{"start":{"line":10,"column":29},"end":{"line":10,"column":30}},"loc":{"start":{"line":10,"column":41},"end":{"line":10,"column":58}},"line":10},"2":{"name":"(anonymous_2)","decl":{"start":{"line":23,"column":4},"end":{"line":23,"column":5}},"loc":{"start":{"line":24,"column":8},"end":{"line":30,"column":13}},"line":24},"3":{"name":"(anonymous_3)","decl":{"start":{"line":26,"column":16},"end":{"line":26,"column":17}},"loc":{"start":{"line":26,"column":22},"end":{"line":29,"column":67}},"line":26},"4":{"name":"(anonymous_4)","decl":{"start":{"line":27,"column":25},"end":{"line":27,"column":26}},"loc":{"start":{"line":27,"column":37},"end":{"line":27,"column":66}},"line":27},"5":{"name":"(anonymous_5)","decl":{"start":{"line":28,"column":27},"end":{"line":28,"column":28}},"loc":{"start":{"line":28,"column":36},"end":{"line":28,"column":74}},"line":28},"6":{"name":"(anonymous_6)","decl":{"start":{"line":39,"column":15},"end":{"line":39,"column":16}},"loc":{"start":{"line":39,"column":60},"end":{"line":63,"column":1}},"line":39},"7":{"name":"(anonymous_7)","decl":{"start":{"line":66,"column":4},"end":{"line":66,"column":5}},"loc":{"start":{"line":66,"column":13},"end":{"line":66,"column":30}},"line":66},"8":{"name":"(anonymous_8)","decl":{"start":{"line":67,"column":4},"end":{"line":67,"column":5}},"loc":{"start":{"line":67,"column":13},"end":{"line":67,"column":46}},"line":67}},"branchMap":{"0":{"loc":{"start":{"line":39,"column":16},"end":{"line":39,"column":36}},"type":"default-arg","locations":[{"start":{"line":39,"column":24},"end":{"line":39,"column":36}}],"line":39},"1":{"loc":{"start":{"line":40,"column":4},"end":{"line":62,"column":5}},"type":"switch","locations":[{"start":{"line":41,"column":8},"end":{"line":46,"column":14}},{"start":{"line":48,"column":8},"end":{"line":54,"column":14}},{"start":{"line":56,"column":8},"end":{"line":56,"column":32}},{"start":{"line":57,"column":8},"end":{"line":58,"column":32}},{"start":{"line":60,"column":8},"end":{"line":61,"column":25}}],"line":40},"2":{"loc":{"start":{"line":67,"column":13},"end":{"line":67,"column":46}},"type":"cond-expr","locations":[{"start":{"line":67,"column":20},"end":{"line":67,"column":41}},{"start":{"line":67,"column":44},"end":{"line":67,"column":46}}],"line":67}},"s":{"0":2,"1":8,"2":5,"3":2,"4":2,"5":2,"6":2,"7":2,"8":2,"9":2,"10":2,"11":2,"12":2,"13":2,"14":1,"15":1,"16":2,"17":1,"18":0,"19":0,"20":0,"21":1,"22":2,"23":0,"24":0},"f":{"0":8,"1":5,"2":2,"3":2,"4":1,"5":1,"6":1,"7":0,"8":0},"b":{"0":[0],"1":[0,0,0,0,1],"2":[0,0]},"_coverageSchema":"332fd63041d2c1bcb487cc26dd0d5f7d97098a6c","hash":"9a30f686d1280649cacf6d5223405e0a3d9b57a2"}
,"/Users/kierandenshi/Working/redux-starter/src/redux/slideshow.js": {"path":"/Users/kierandenshi/Working/redux-starter/src/redux/slideshow.js","statementMap":{"0":{"start":{"line":1,"column":21},"end":{"line":1,"column":59}},"1":{"start":{"line":1,"column":29},"end":{"line":1,"column":59}},"2":{"start":{"line":1,"column":41},"end":{"line":1,"column":58}},"3":{"start":{"line":2,"column":19},"end":{"line":2,"column":31}},"4":{"start":{"line":4,"column":29},"end":{"line":4,"column":53}},"5":{"start":{"line":6,"column":28},"end":{"line":8,"column":1}},"6":{"start":{"line":11,"column":4},"end":{"line":20,"column":5}},"7":{"start":{"line":13,"column":12},"end":{"line":16,"column":14}},"8":{"start":{"line":19,"column":12},"end":{"line":19,"column":25}}},"fnMap":{"0":{"name":"(anonymous_0)","decl":{"start":{"line":1,"column":21},"end":{"line":1,"column":22}},"loc":{"start":{"line":1,"column":29},"end":{"line":1,"column":59}},"line":1},"1":{"name":"(anonymous_1)","decl":{"start":{"line":1,"column":29},"end":{"line":1,"column":30}},"loc":{"start":{"line":1,"column":41},"end":{"line":1,"column":58}},"line":1},"2":{"name":"(anonymous_2)","decl":{"start":{"line":10,"column":15},"end":{"line":10,"column":16}},"loc":{"start":{"line":10,"column":60},"end":{"line":21,"column":1}},"line":10}},"branchMap":{"0":{"loc":{"start":{"line":10,"column":16},"end":{"line":10,"column":36}},"type":"default-arg","locations":[{"start":{"line":10,"column":24},"end":{"line":10,"column":36}}],"line":10},"1":{"loc":{"start":{"line":11,"column":4},"end":{"line":20,"column":5}},"type":"switch","locations":[{"start":{"line":12,"column":8},"end":{"line":16,"column":14}},{"start":{"line":18,"column":8},"end":{"line":19,"column":25}}],"line":11},"2":{"loc":{"start":{"line":15,"column":30},"end":{"line":15,"column":93}},"type":"cond-expr","locations":[{"start":{"line":15,"column":67},"end":{"line":15,"column":68}},{"start":{"line":15,"column":71},"end":{"line":15,"column":93}}],"line":15}},"s":{"0":3,"1":3,"2":7,"3":3,"4":3,"5":3,"6":4,"7":3,"8":1},"f":{"0":3,"1":7,"2":4},"b":{"0":[0],"1":[3,1],"2":[1,2]},"_coverageSchema":"332fd63041d2c1bcb487cc26dd0d5f7d97098a6c","hash":"0a7b1c7dd1b4b6a252efb91d1d8850b89c365810"}
,"/Users/kierandenshi/Working/redux-starter/src/test/helpers.js": {"path":"/Users/kierandenshi/Working/redux-starter/src/test/helpers.js","statementMap":{"0":{"start":{"line":3,"column":24},"end":{"line":4,"column":45}},"1":{"start":{"line":4,"column":4},"end":{"line":4,"column":45}},"2":{"start":{"line":6,"column":27},"end":{"line":8,"column":1}},"3":{"start":{"line":7,"column":4},"end":{"line":7,"column":62}}},"fnMap":{"0":{"name":"(anonymous_0)","decl":{"start":{"line":3,"column":24},"end":{"line":3,"column":25}},"loc":{"start":{"line":4,"column":4},"end":{"line":4,"column":45}},"line":4},"1":{"name":"(anonymous_1)","decl":{"start":{"line":6,"column":27},"end":{"line":6,"column":28}},"loc":{"start":{"line":6,"column":81},"end":{"line":8,"column":1}},"line":6}},"branchMap":{"0":{"loc":{"start":{"line":3,"column":25},"end":{"line":3,"column":42}},"type":"default-arg","locations":[{"start":{"line":3,"column":40},"end":{"line":3,"column":42}}],"line":3},"1":{"loc":{"start":{"line":3,"column":44},"end":{"line":3,"column":64}},"type":"default-arg","locations":[{"start":{"line":3,"column":62},"end":{"line":3,"column":64}}],"line":3},"2":{"loc":{"start":{"line":6,"column":37},"end":{"line":6,"column":54}},"type":"default-arg","locations":[{"start":{"line":6,"column":52},"end":{"line":6,"column":54}}],"line":6},"3":{"loc":{"start":{"line":6,"column":56},"end":{"line":6,"column":76}},"type":"default-arg","locations":[{"start":{"line":6,"column":74},"end":{"line":6,"column":76}}],"line":6}},"s":{"0":4,"1":6,"2":4,"3":2},"f":{"0":6,"1":2},"b":{"0":[0],"1":[4],"2":[0],"3":[0]},"_coverageSchema":"332fd63041d2c1bcb487cc26dd0d5f7d97098a6c","hash":"8648304f088b7c38fe9a040f2850beaecf9fdc99"}
,"/Users/kierandenshi/Working/redux-starter/src/test/setup.js": {"path":"/Users/kierandenshi/Working/redux-starter/src/test/setup.js","statementMap":{"0":{"start":{"line":4,"column":0},"end":{"line":4,"column":38}}},"fnMap":{},"branchMap":{},"s":{"0":8},"f":{},"b":{},"_coverageSchema":"332fd63041d2c1bcb487cc26dd0d5f7d97098a6c","hash":"00d9b030d3aa5a5951f0314948ca933bf485115f"}
}
