TN:
SF:/Users/kierandenshi/Working/redux-starter/src/environment.js
FN:3,(anonymous_0)
FN:4,(anonymous_1)
FNF:2
FNH:0
FNDA:0,(anonymous_0)
FNDA:0,(anonymous_1)
DA:3,2
DA:4,2
DA:5,2
LF:3
LH:3
BRDA:5,0,0,2
BRDA:5,0,1,2
BRF:2
BRH:2
end_of_record
TN:
SF:/Users/kierandenshi/Working/redux-starter/src/localisation.js
FN:13,(anonymous_0)
FN:14,(anonymous_1)
FN:15,(anonymous_2)
FNF:3
FNH:3
FNDA:5,(anonymous_0)
FNDA:3,(anonymous_1)
FNDA:4,(anonymous_2)
DA:1,3
DA:13,5
DA:14,3
DA:15,4
LF:4
LH:4
BRF:0
BRH:0
end_of_record
TN:
SF:/Users/kierandenshi/Working/redux-starter/src/components/CreditRating/CreditRating.jsx
FN:6,(anonymous_0)
FNF:1
FNH:1
FNDA:1,(anonymous_0)
DA:6,2
DA:7,1
DA:9,1
DA:20,2
LF:4
LH:4
BRF:0
BRH:0
end_of_record
TN:
SF:/Users/kierandenshi/Working/redux-starter/src/components/CreditRating/index.js
FNF:0
FNH:0
LF:0
LH:0
BRF:0
BRH:0
end_of_record
TN:
SF:/Users/kierandenshi/Working/redux-starter/src/components/CreditReport/CreditReport.jsx
FN:14,(anonymous_0)
FN:18,(anonymous_1)
FN:31,(anonymous_2)
FN:37,(anonymous_3)
FN:59,(anonymous_4)
FNF:5
FNH:4
FNDA:1,(anonymous_0)
FNDA:1,(anonymous_1)
FNDA:1,(anonymous_2)
FNDA:2,(anonymous_3)
FNDA:0,(anonymous_4)
DA:15,1
DA:19,1
DA:21,1
DA:32,1
DA:38,2
DA:40,2
DA:48,1
DA:52,1
DA:59,0
LF:9
LH:8
BRDA:42,0,0,1
BRDA:42,0,1,1
BRF:2
BRH:2
end_of_record
TN:
SF:/Users/kierandenshi/Working/redux-starter/src/components/LongTermDebt/LongTermDebt.jsx
FN:6,(anonymous_0)
FNF:1
FNH:1
FNDA:1,(anonymous_0)
DA:6,2
DA:7,1
DA:9,1
DA:18,2
LF:4
LH:4
BRF:0
BRH:0
end_of_record
TN:
SF:/Users/kierandenshi/Working/redux-starter/src/components/LongTermDebt/index.js
FNF:0
FNH:0
LF:0
LH:0
BRF:0
BRH:0
end_of_record
TN:
SF:/Users/kierandenshi/Working/redux-starter/src/components/RadialChart/RadialChart.jsx
FN:6,(anonymous_0)
FN:9,(anonymous_1)
FN:17,(anonymous_2)
FN:21,(anonymous_3)
FN:22,(anonymous_4)
FN:25,(anonymous_5)
FN:26,(anonymous_6)
FNF:7
FNH:2
FNDA:1,(anonymous_0)
FNDA:0,(anonymous_1)
FNDA:1,(anonymous_2)
FNDA:0,(anonymous_3)
FNDA:0,(anonymous_4)
FNDA:0,(anonymous_5)
FNDA:0,(anonymous_6)
DA:7,1
DA:8,1
DA:9,1
DA:10,0
DA:11,0
DA:12,0
DA:13,0
DA:18,1
DA:21,0
DA:22,0
DA:25,0
DA:26,0
DA:37,3
DA:41,3
LF:14
LH:6
BRF:0
BRH:0
end_of_record
TN:
SF:/Users/kierandenshi/Working/redux-starter/src/components/RadialChart/index.js
FNF:0
FNH:0
LF:0
LH:0
BRF:0
BRH:0
end_of_record
TN:
SF:/Users/kierandenshi/Working/redux-starter/src/components/SlideShow/SlideShow.jsx
FN:13,(anonymous_0)
FN:36,(anonymous_1)
FN:50,(anonymous_2)
FN:57,(anonymous_3)
FN:62,(anonymous_4)
FN:67,(anonymous_5)
FN:74,(anonymous_6)
FN:79,(anonymous_7)
FN:104,(anonymous_8)
FNF:9
FNH:4
FNDA:0,(anonymous_0)
FNDA:0,(anonymous_1)
FNDA:1,(anonymous_2)
FNDA:1,(anonymous_3)
FNDA:0,(anonymous_4)
FNDA:1,(anonymous_5)
FNDA:2,(anonymous_6)
FNDA:0,(anonymous_7)
FNDA:0,(anonymous_8)
DA:13,2
DA:14,0
DA:20,0
DA:27,0
DA:37,0
DA:38,0
DA:40,0
DA:51,1
DA:52,1
DA:53,1
DA:54,1
DA:58,1
DA:59,1
DA:63,0
DA:64,0
DA:68,1
DA:69,1
DA:70,1
DA:71,1
DA:75,2
DA:77,2
DA:79,0
DA:91,2
DA:95,2
DA:104,0
LF:25
LH:15
BRDA:37,0,0,0
BRDA:37,0,1,0
BRDA:53,1,0,1
BRDA:53,1,1,0
BRDA:59,2,0,1
BRDA:59,2,1,1
BRDA:71,3,0,1
BRDA:71,3,1,1
BRF:8
BRH:5
end_of_record
TN:
SF:/Users/kierandenshi/Working/redux-starter/src/components/SlideShow/index.js
FNF:0
FNH:0
LF:0
LH:0
BRF:0
BRH:0
end_of_record
TN:
SF:/Users/kierandenshi/Working/redux-starter/src/middleware/scheduledActionMiddleware.js
FN:3,(anonymous_0)
FN:4,(anonymous_1)
FN:4,(anonymous_2)
FN:5,(anonymous_3)
FN:5,(anonymous_4)
FN:8,(anonymous_5)
FN:11,(anonymous_6)
FN:14,(anonymous_7)
FN:25,(anonymous_8)
FN:27,(anonymous_9)
FN:32,(anonymous_10)
FN:36,(anonymous_11)
FN:36,(anonymous_12)
FN:36,(anonymous_13)
FN:58,(anonymous_14)
FN:63,(anonymous_15)
FN:73,(anonymous_16)
FN:102,(anonymous_17)
FN:103,(anonymous_18)
FNF:19
FNH:2
FNDA:12,(anonymous_0)
FNDA:6,(anonymous_1)
FNDA:0,(anonymous_2)
FNDA:0,(anonymous_3)
FNDA:0,(anonymous_4)
FNDA:0,(anonymous_5)
FNDA:0,(anonymous_6)
FNDA:0,(anonymous_7)
FNDA:0,(anonymous_8)
FNDA:0,(anonymous_9)
FNDA:0,(anonymous_10)
FNDA:0,(anonymous_11)
FNDA:0,(anonymous_12)
FNDA:0,(anonymous_13)
FNDA:0,(anonymous_14)
FNDA:0,(anonymous_15)
FNDA:0,(anonymous_16)
FNDA:0,(anonymous_17)
FNDA:0,(anonymous_18)
DA:3,12
DA:4,6
DA:5,2
DA:7,2
DA:8,2
DA:10,2
DA:11,2
DA:13,2
DA:14,2
DA:16,2
DA:17,2
DA:19,2
DA:20,2
DA:22,2
DA:23,2
DA:25,2
DA:26,0
DA:27,0
DA:29,0
DA:33,0
DA:34,0
DA:35,0
DA:36,0
DA:37,0
DA:39,0
DA:40,0
DA:42,0
DA:43,0
DA:44,0
DA:46,0
DA:50,0
DA:55,0
DA:57,0
DA:58,0
DA:60,0
DA:62,0
DA:63,0
DA:65,0
DA:67,0
DA:68,0
DA:70,0
DA:72,0
DA:74,0
DA:75,0
DA:76,0
DA:78,0
DA:79,0
DA:82,0
DA:84,0
DA:86,0
DA:87,0
DA:88,0
DA:90,0
DA:91,0
DA:94,0
DA:96,0
DA:102,0
DA:103,0
DA:106,0
DA:108,0
DA:111,0
LF:61
LH:16
BRDA:26,0,0,0
BRDA:26,0,1,0
BRDA:37,1,0,0
BRDA:37,1,1,0
BRDA:37,1,2,0
BRDA:37,1,3,0
BRDA:37,1,4,0
BRDA:37,1,5,0
BRDA:42,2,0,0
BRDA:42,2,1,0
BRDA:46,3,0,0
BRDA:46,3,1,0
BRDA:47,4,0,0
BRDA:47,4,1,0
BRDA:57,5,0,0
BRDA:57,5,1,0
BRDA:58,6,0,0
BRDA:58,6,1,0
BRDA:62,7,0,0
BRDA:62,7,1,0
BRDA:67,8,0,0
BRDA:67,8,1,0
BRDA:74,9,0,0
BRDA:74,9,1,0
BRDA:78,10,0,0
BRDA:78,10,1,0
BRDA:78,11,0,0
BRDA:78,11,1,0
BRDA:79,12,0,0
BRDA:79,12,1,0
BRDA:86,13,0,0
BRDA:86,13,1,0
BRDA:90,14,0,0
BRDA:90,14,1,0
BRDA:90,15,0,0
BRDA:90,15,1,0
BRDA:91,16,0,0
BRDA:91,16,1,0
BRDA:103,17,0,0
BRDA:103,17,1,0
BRF:40
BRH:0
end_of_record
TN:
SF:/Users/kierandenshi/Working/redux-starter/src/redux/report.js
FN:10,(anonymous_0)
FN:10,(anonymous_1)
FN:23,(anonymous_2)
FN:26,(anonymous_3)
FN:27,(anonymous_4)
FN:28,(anonymous_5)
FN:39,(anonymous_6)
FN:66,(anonymous_7)
FN:67,(anonymous_8)
FNF:9
FNH:7
FNDA:8,(anonymous_0)
FNDA:5,(anonymous_1)
FNDA:2,(anonymous_2)
FNDA:2,(anonymous_3)
FNDA:1,(anonymous_4)
FNDA:1,(anonymous_5)
FNDA:1,(anonymous_6)
FNDA:0,(anonymous_7)
FNDA:0,(anonymous_8)
DA:10,8
DA:12,2
DA:13,2
DA:14,2
DA:15,2
DA:17,2
DA:18,2
DA:19,2
DA:20,2
DA:22,2
DA:24,2
DA:26,2
DA:27,1
DA:28,1
DA:33,2
DA:40,1
DA:42,0
DA:49,0
DA:58,0
DA:61,1
DA:65,2
DA:66,0
DA:67,0
LF:23
LH:18
BRDA:39,0,0,0
BRDA:40,1,0,0
BRDA:40,1,1,0
BRDA:40,1,2,0
BRDA:40,1,3,0
BRDA:40,1,4,1
BRDA:67,2,0,0
BRDA:67,2,1,0
BRF:8
BRH:1
end_of_record
TN:
SF:/Users/kierandenshi/Working/redux-starter/src/redux/slideshow.js
FN:1,(anonymous_0)
FN:1,(anonymous_1)
FN:10,(anonymous_2)
FNF:3
FNH:3
FNDA:3,(anonymous_0)
FNDA:7,(anonymous_1)
FNDA:4,(anonymous_2)
DA:1,7
DA:2,3
DA:4,3
DA:6,3
DA:11,4
DA:13,3
DA:19,1
LF:7
LH:7
BRDA:10,0,0,0
BRDA:11,1,0,3
BRDA:11,1,1,1
BRDA:15,2,0,1
BRDA:15,2,1,2
BRF:5
BRH:4
end_of_record
TN:
SF:/Users/kierandenshi/Working/redux-starter/src/test/helpers.js
FN:3,(anonymous_0)
FN:6,(anonymous_1)
FNF:2
FNH:2
FNDA:6,(anonymous_0)
FNDA:2,(anonymous_1)
DA:3,4
DA:4,6
DA:6,4
DA:7,2
LF:4
LH:4
BRDA:3,0,0,0
BRDA:3,1,0,4
BRDA:6,2,0,0
BRDA:6,3,0,0
BRF:4
BRH:1
end_of_record
TN:
SF:/Users/kierandenshi/Working/redux-starter/src/test/setup.js
FNF:0
FNH:0
DA:4,8
LF:1
LH:1
BRF:0
BRH:0
end_of_record
